<?xml version="1.0" encoding="UTF-8"?>
<testsuite xmlns:xsi="http://www.w3.org/2001/XMLSchema-instance" xsi:noNamespaceSchemaLocation="https://maven.apache.org/surefire/maven-failsafe-plugin/xsd/failsafe-test-report-3.0.xsd" version="3.0" name="HubSpot login feature #1" time="11.437" tests="1" errors="0" skipped="0" failures="0">
  <properties>
[...]
</properties>
  <testcase name="Logging into account" classname="HubSpot login feature #1" time="11.437">
    <system-out><![CDATA[
@Smoke
Scenario: Logging into account                                     &amp#27;[90m# src/test/resources/features/loginpage.feature:5&amp#27;[0m
  &amp#27;[32mGiven &amp#27;[0m&amp#27;[32muser is on the website&amp#27;[0m                                     &amp#27;[90m# stepdefinitions.LoginSteps.user_is_on_the_website()&amp#27;[0m
  &amp#27;[32mAnd &amp#27;[0m&amp#27;[32muser clicks on the login button&amp#27;[0m                              &amp#27;[90m# stepdefinitions.LoginSteps.user_clicks_on_the_login_button()&amp#27;[0m
  &amp#27;[32mWhen &amp#27;[0m&amp#27;[32muser enters valid &amp#27;[0m&amp#27;[32m&amp#27;[1m"narinders163@gmail.com"&amp#27;[0m&amp#27;[32m and &amp#27;[0m&amp#27;[32m&amp#27;[1m"Harman&123"&amp#27;[0m &amp#27;[90m# stepdefinitions.LoginSteps.user_enters_valid_and(java.lang.String,java.lang.String)&amp#27;[0m
  &amp#27;[32mAnd &amp#27;[0m&amp#27;[32mclicks log in&amp#27;[0m                                                &amp#27;[90m# stepdefinitions.LoginSteps.clicks_log_in()&amp#27;[0m
  &amp#27;[32mThen &amp#27;[0m&amp#27;[32muser should be able to login to the account&amp#27;[0m                 &amp#27;[90m# stepdefinitions.LoginSteps.user_should_be_able_to_login_to_the_account()&amp#27;[0m
  &amp#27;[32mAnd &amp#27;[0m&amp#27;[32mverify the username is correct&amp#27;[0m                               &amp#27;[90m# stepdefinitions.LoginSteps.verify_the_username_is_correct()&amp#27;[0m
]]></system-out>
    <system-err><![CDATA[Starting ChromeDriver 113.0.5672.63 (0e1a4471d5ae5bf128b1bd8f4d627c8cbd55f70c-refs/branch-heads/5672@{#912}) on port 22690
Only local connections are allowed.
Please see https://chromedriver.chromium.org/security-considerations for suggestions on keeping ChromeDriver safe.
ChromeDriver was started successfully.
May 12, 2023 7:40:43 PM org.openqa.selenium.devtools.CdpVersionFinder findNearestMatch
WARNING: Unable to find an exact match for CDP version 113, so returning the closest version found: 112
]]></system-err>
  </testcase>
</testsuite>